Compilation warnings/errors on smartbugs/dataset/unchecked_low_level_calls/unchecked_return_value.sol:
[91msmartbugs/dataset/unchecked_low_level_calls/unchecked_return_value.sol:7:1: Error: Source file requires different compiler version (current compiler is 0.4.26+commit.4563c3fc.Linux.g++ - note that nightly builds are considered to be strictly less than the released version[0m
pragma solidity 0.4.25;
^---------------------^
smartbugs/dataset/unchecked_low_level_calls/unchecked_return_value.sol:17:5: Warning: Return value of low-level calls not used.
    callee.call();
    ^-----------^

Traceback (most recent call last):
  File "/usr/local/lib/python3.8/site-packages/crytic_compile/platform/solc.py", line 529, in _run_solc
    ret: Dict = json.loads(stdout)
  File "/usr/local/lib/python3.8/json/__init__.py", line 357, in loads
    return _default_decoder.decode(s)
  File "/usr/local/lib/python3.8/json/decoder.py", line 337, in decode
    obj, end = self.raw_decode(s, idx=_w(s, 0).end())
  File "/usr/local/lib/python3.8/json/decoder.py", line 355, in raw_decode
    raise JSONDecodeError("Expecting value", s, err.value) from None
json.decoder.JSONDecodeError: Expecting value: line 1 column 1 (char 0)

During handling of the above exception, another exception occurred:

Traceback (most recent call last):
  File "/sGuardPlus/src/../slither_func2vec/__main__.py", line 741, in main_impl
    ) = process_all(filename, args, detector_classes, printer_classes)
  File "/sGuardPlus/src/../slither_func2vec/__main__.py", line 72, in process_all
    compilations = compile_all(target, **vars(args))
  File "/usr/local/lib/python3.8/site-packages/crytic_compile/crytic_compile.py", line 637, in compile_all
    compilations.append(CryticCompile(target, **kwargs))
  File "/usr/local/lib/python3.8/site-packages/crytic_compile/crytic_compile.py", line 117, in __init__
    self._compile(**kwargs)
  File "/usr/local/lib/python3.8/site-packages/crytic_compile/crytic_compile.py", line 548, in _compile
    self._platform.compile(self, **kwargs)
  File "/usr/local/lib/python3.8/site-packages/crytic_compile/platform/solc.py", line 153, in compile
    targets_json = _get_targets_json(compilation_unit, self._target, **kwargs)
  File "/usr/local/lib/python3.8/site-packages/crytic_compile/platform/solc.py", line 275, in _get_targets_json
    return _run_solc(
  File "/usr/local/lib/python3.8/site-packages/crytic_compile/platform/solc.py", line 533, in _run_solc
    raise InvalidCompilation(f"Invalid solc compilation {stderr}")
crytic_compile.platform.exceptions.InvalidCompilation: Invalid solc compilation smartbugs/dataset/unchecked_low_level_calls/unchecked_return_value.sol:7:1: Error: Source file requires different compiler version (current compiler is 0.4.26+commit.4563c3fc.Linux.g++ - note that nightly builds are considered to be strictly less than the released version
pragma solidity 0.4.25;
^---------------------^
smartbugs/dataset/unchecked_low_level_calls/unchecked_return_value.sol:17:5: Warning: Return value of low-level calls not used.
    callee.call();
    ^-----------^

None
Error in smartbugs/dataset/unchecked_low_level_calls/unchecked_return_value.sol
Traceback (most recent call last):
  File "/usr/local/lib/python3.8/site-packages/crytic_compile/platform/solc.py", line 529, in _run_solc
    ret: Dict = json.loads(stdout)
  File "/usr/local/lib/python3.8/json/__init__.py", line 357, in loads
    return _default_decoder.decode(s)
  File "/usr/local/lib/python3.8/json/decoder.py", line 337, in decode
    obj, end = self.raw_decode(s, idx=_w(s, 0).end())
  File "/usr/local/lib/python3.8/json/decoder.py", line 355, in raw_decode
    raise JSONDecodeError("Expecting value", s, err.value) from None
json.decoder.JSONDecodeError: Expecting value: line 1 column 1 (char 0)

During handling of the above exception, another exception occurred:

Traceback (most recent call last):
  File "/sGuardPlus/src/../slither_func2vec/__main__.py", line 741, in main_impl
    ) = process_all(filename, args, detector_classes, printer_classes)
  File "/sGuardPlus/src/../slither_func2vec/__main__.py", line 72, in process_all
    compilations = compile_all(target, **vars(args))
  File "/usr/local/lib/python3.8/site-packages/crytic_compile/crytic_compile.py", line 637, in compile_all
    compilations.append(CryticCompile(target, **kwargs))
  File "/usr/local/lib/python3.8/site-packages/crytic_compile/crytic_compile.py", line 117, in __init__
    self._compile(**kwargs)
  File "/usr/local/lib/python3.8/site-packages/crytic_compile/crytic_compile.py", line 548, in _compile
    self._platform.compile(self, **kwargs)
  File "/usr/local/lib/python3.8/site-packages/crytic_compile/platform/solc.py", line 153, in compile
    targets_json = _get_targets_json(compilation_unit, self._target, **kwargs)
  File "/usr/local/lib/python3.8/site-packages/crytic_compile/platform/solc.py", line 275, in _get_targets_json
    return _run_solc(
  File "/usr/local/lib/python3.8/site-packages/crytic_compile/platform/solc.py", line 533, in _run_solc
    raise InvalidCompilation(f"Invalid solc compilation {stderr}")
crytic_compile.platform.exceptions.InvalidCompilation: Invalid solc compilation smartbugs/dataset/unchecked_low_level_calls/unchecked_return_value.sol:7:1: Error: Source file requires different compiler version (current compiler is 0.4.26+commit.4563c3fc.Linux.g++ - note that nightly builds are considered to be strictly less than the released version
pragma solidity 0.4.25;
^---------------------^
smartbugs/dataset/unchecked_low_level_calls/unchecked_return_value.sol:17:5: Warning: Return value of low-level calls not used.
    callee.call();
    ^-----------^


